Jan 13, 2020 12:21:31 PM src.MyServer run
INFO: Desired Knock Sequence - [5, 7000, 4000, 6543]
Jan 13, 2020 12:21:32 PM src.MyServer run
INFO: Single Knock Attempt ClientIP - /127.0.0.1: ClientPort - 57445: Port Knock Entered - 5
Jan 13, 2020 12:21:32 PM src.MyServer run
INFO: Multiple knock packets from: IP - /127.0.0.1: Port - 57445
Jan 13, 2020 12:21:32 PM src.MyServer run
INFO: Single Knock Attempt ClientIP - /127.0.0.1: ClientPort - 57445: Port Knock Entered - 7000
Jan 13, 2020 12:21:32 PM src.MyServer run
INFO: Multiple knock packets from: IP - /127.0.0.1: Port - 57445
Jan 13, 2020 12:21:32 PM src.MyServer run
INFO: Single Knock Attempt ClientIP - /127.0.0.1: ClientPort - 57445: Port Knock Entered - 4000
Jan 13, 2020 12:21:32 PM src.MyServer run
INFO: Multiple knock packets from: IP - /127.0.0.1: Port - 57445
Jan 13, 2020 12:21:32 PM src.MyServer run
INFO: Single Knock Attempt ClientIP - /127.0.0.1: ClientPort - 57445: Port Knock Entered - 6543
Jan 13, 2020 12:21:32 PM src.MyServer run
INFO: Correct Knock Sequence: IP - /127.0.0.1: Port - 57445
Jan 13, 2020 12:21:32 PM src.MyServer run
INFO: Submitting connection ports for allowed connection: Connection Knocks - [24796, 40619, 3205, 6274]
Jan 13, 2020 12:21:32 PM src.MyServer acceptClientConnection
INFO: Server recieved packet with information - Hello server from client port - 24796
Jan 13, 2020 12:21:33 PM src.MyServer acceptClientConnection
INFO: Server recieved packet with information - Hello server from client port - 24796
Jan 13, 2020 12:21:33 PM src.MyServer acceptClientConnection
INFO: Server recieved packet with information - Hello server from client port - 24796
Jan 13, 2020 12:21:34 PM src.MyServer acceptClientConnection
INFO: Server recieved packet with information - Hello server from client port - 24796
Jan 13, 2020 12:21:34 PM src.MyServer acceptClientConnection
INFO: Server recieved packet with information - Hello server from client port - 24796
Jan 13, 2020 12:21:35 PM src.MyServer acceptClientConnection
INFO: Server recieved packet with information - Hello server from client port - 24796
Jan 13, 2020 12:21:35 PM src.MyServer acceptClientConnection
INFO: Server recieved packet with information - Hello server from client port - 24796
Jan 13, 2020 12:21:36 PM src.MyServer acceptClientConnection
INFO: Server recieved packet with information - Hello server from client port - 24796
Jan 13, 2020 12:21:36 PM src.MyServer acceptClientConnection
INFO: Server recieved packet with information - Hello server from client port - 24796
Jan 13, 2020 12:21:37 PM src.MyServer acceptClientConnection
INFO: Server recieved packet with information - Hello server from client port - 24796
Jan 13, 2020 12:21:37 PM src.MyServer acceptClientConnection
INFO: Server recieved packet with information - Hello server from client port - 40619
Jan 13, 2020 12:21:38 PM src.MyServer acceptClientConnection
INFO: Server recieved packet with information - Hello server from client port - 40619
Jan 13, 2020 12:21:38 PM src.MyServer acceptClientConnection
INFO: Server recieved packet with information - Hello server from client port - 40619
Jan 13, 2020 12:21:39 PM src.MyServer acceptClientConnection
INFO: Server recieved packet with information - Hello server from client port - 40619
Jan 13, 2020 12:21:39 PM src.MyServer acceptClientConnection
INFO: Server recieved packet with information - Hello server from client port - 40619
Jan 13, 2020 12:21:40 PM src.MyServer acceptClientConnection
INFO: Server recieved packet with information - Hello server from client port - 40619
Jan 13, 2020 12:21:40 PM src.MyServer acceptClientConnection
INFO: Server recieved packet with information - Hello server from client port - 40619
Jan 13, 2020 12:21:41 PM src.MyServer acceptClientConnection
INFO: Server recieved packet with information - Hello server from client port - 40619
Jan 13, 2020 12:21:41 PM src.MyServer acceptClientConnection
INFO: Server recieved packet with information - Hello server from client port - 40619
Jan 13, 2020 12:21:42 PM src.MyServer acceptClientConnection
INFO: Server recieved packet with information - Hello server from client port - 40619
